# JRE version: OpenJDK Runtime Environment (8.0_242-b01) (build 1.8.0_242-release-1644-b01)
# Java VM: OpenJDK 64-Bit Server VM (25.242-b01 mixed mode windows-amd64 compressed oops)
Heap:
 PSYoungGen      total 441856K, used 132981K [0x00000000d5580000, 0x00000000f3480000, 0x0000000100000000)
  eden space 419840K, 31% used [0x00000000d5580000,0x00000000dd75d460,0x00000000eef80000)
  from space 22016K, 0% used [0x00000000f1f00000,0x00000000f1f00000,0x00000000f3480000)
  to   space 35328K, 0% used [0x00000000eef80000,0x00000000eef80000,0x00000000f1200000)
 ParOldGen       total 137216K, used 54977K [0x0000000080000000, 0x0000000088600000, 0x00000000d5580000)
  object space 137216K, 40% used [0x0000000080000000,0x00000000835b06f8,0x0000000088600000)
 Metaspace       used 91822K, capacity 96158K, committed 100888K, reserved 1136640K
  class space    used 12086K, capacity 12911K, committed 14120K, reserved 1048576K
GC Heap History (10 events):
Event: 32.468 GC heap before
{Heap before GC invocations=16 (full 3):
 PSYoungGen      total 279040K, used 275625K [0x00000000d5580000, 0x00000000e8800000, 0x0000000100000000)
  eden space 258560K, 100% used [0x00000000d5580000,0x00000000e5200000,0x00000000e5200000)
  from space 20480K, 83% used [0x00000000e6780000,0x00000000e782a5d8,0x00000000e7b80000)
  to   space 22016K, 0% used [0x00000000e5200000,0x00000000e5200000,0x00000000e6780000)
 ParOldGen       total 98816K, used 38682K [0x0000000080000000, 0x0000000086080000, 0x00000000d5580000)
  object space 98816K, 39% used [0x0000000080000000,0x00000000825c6860,0x0000000086080000)
 Metaspace       used 66789K, capacity 69952K, committed 70296K, reserved 1110016K
  class space    used 9163K, capacity 9771K, committed 9896K, reserved 1048576K
Event: 32.493 GC heap after
Heap after GC invocations=16 (full 3):
 PSYoungGen      total 280576K, used 10555K [0x00000000d5580000, 0x00000000ed400000, 0x0000000100000000)
  eden space 258560K, 0% used [0x00000000d5580000,0x00000000d5580000,0x00000000e5200000)
  from space 22016K, 47% used [0x00000000e5200000,0x00000000e5c4ed78,0x00000000e6780000)
  to   space 21504K, 0% used [0x00000000ebf00000,0x00000000ebf00000,0x00000000ed400000)
 ParOldGen       total 98816K, used 50244K [0x0000000080000000, 0x0000000086080000, 0x00000000d5580000)
  object space 98816K, 50% used [0x0000000080000000,0x0000000083111190,0x0000000086080000)
 Metaspace       used 66789K, capacity 69952K, committed 70296K, reserved 1110016K
  class space    used 9163K, capacity 9771K, committed 9896K, reserved 1048576K
}
Event: 49.074 GC heap before
{Heap before GC invocations=17 (full 3):
 PSYoungGen      total 280576K, used 269115K [0x00000000d5580000, 0x00000000ed400000, 0x0000000100000000)
  eden space 258560K, 100% used [0x00000000d5580000,0x00000000e5200000,0x00000000e5200000)
  from space 22016K, 47% used [0x00000000e5200000,0x00000000e5c4ed78,0x00000000e6780000)
  to   space 21504K, 0% used [0x00000000ebf00000,0x00000000ebf00000,0x00000000ed400000)
 ParOldGen       total 98816K, used 50244K [0x0000000080000000, 0x0000000086080000, 0x00000000d5580000)
  object space 98816K, 50% used [0x0000000080000000,0x0000000083111190,0x0000000086080000)
 Metaspace       used 80152K, capacity 84686K, committed 84888K, reserved 1122304K
  class space    used 10846K, capacity 11647K, committed 11688K, reserved 1048576K
Event: 49.110 GC heap after
Heap after GC invocations=17 (full 3):
 PSYoungGen      total 359936K, used 21490K [0x00000000d5580000, 0x00000000ed500000, 0x0000000100000000)
  eden space 338432K, 0% used [0x00000000d5580000,0x00000000d5580000,0x00000000ea000000)
  from space 21504K, 99% used [0x00000000ebf00000,0x00000000ed3fca00,0x00000000ed400000)
  to   space 27136K, 0% used [0x00000000ea000000,0x00000000ea000000,0x00000000eba80000)
 ParOldGen       total 98816K, used 57781K [0x0000000080000000, 0x0000000086080000, 0x00000000d5580000)
  object space 98816K, 58% used [0x0000000080000000,0x000000008386d558,0x0000000086080000)
 Metaspace       used 80152K, capacity 84686K, committed 84888K, reserved 1122304K
  class space    used 10846K, capacity 11647K, committed 11688K, reserved 1048576K
}
Event: 52.396 GC heap before
{Heap before GC invocations=18 (full 3):
 PSYoungGen      total 359936K, used 359530K [0x00000000d5580000, 0x00000000ed500000, 0x0000000100000000)
  eden space 338432K, 99% used [0x00000000d5580000,0x00000000e9f9dfa8,0x00000000ea000000)
  from space 21504K, 99% used [0x00000000ebf00000,0x00000000ed3fca00,0x00000000ed400000)
  to   space 27136K, 0% used [0x00000000ea000000,0x00000000ea000000,0x00000000eba80000)
 ParOldGen       total 98816K, used 57781K [0x0000000080000000, 0x0000000086080000, 0x00000000d5580000)
  object space 98816K, 58% used [0x0000000080000000,0x000000008386d558,0x0000000086080000)
 Metaspace       used 90109K, capacity 97286K, committed 97432K, reserved 1132544K
  class space    used 12513K, capacity 13869K, committed 13992K, reserved 1048576K
Event: 52.423 GC heap after
Heap after GC invocations=18 (full 3):
 PSYoungGen      total 365568K, used 27117K [0x00000000d5580000, 0x00000000f4180000, 0x0000000100000000)
  eden space 338432K, 0% used [0x00000000d5580000,0x00000000d5580000,0x00000000ea000000)
  from space 27136K, 99% used [0x00000000ea000000,0x00000000eba7b788,0x00000000eba80000)
  to   space 35328K, 0% used [0x00000000f1f00000,0x00000000f1f00000,0x00000000f4180000)
 ParOldGen       total 98816K, used 68572K [0x0000000080000000, 0x0000000086080000, 0x00000000d5580000)
  object space 98816K, 69% used [0x0000000080000000,0x00000000842f73b0,0x0000000086080000)
 Metaspace       used 90109K, capacity 97286K, committed 97432K, reserved 1132544K
  class space    used 12513K, capacity 13869K, committed 13992K, reserved 1048576K
}
Event: 56.941 GC heap before
{Heap before GC invocations=19 (full 3):
 PSYoungGen      total 365568K, used 190170K [0x00000000d5580000, 0x00000000f4180000, 0x0000000100000000)
  eden space 338432K, 48% used [0x00000000d5580000,0x00000000df4bb470,0x00000000ea000000)
  from space 27136K, 99% used [0x00000000ea000000,0x00000000eba7b788,0x00000000eba80000)
  to   space 35328K, 0% used [0x00000000f1f00000,0x00000000f1f00000,0x00000000f4180000)
 ParOldGen       total 98816K, used 68572K [0x0000000080000000, 0x0000000086080000, 0x00000000d5580000)
  object space 98816K, 69% used [0x0000000080000000,0x00000000842f73b0,0x0000000086080000)
 Metaspace       used 91318K, capacity 98494K, committed 98600K, reserved 1134592K
  class space    used 12614K, capacity 13947K, committed 13992K, reserved 1048576K
Event: 56.950 GC heap after
Heap after GC invocations=19 (full 3):
 PSYoungGen      total 441856K, used 966K [0x00000000d5580000, 0x00000000f3480000, 0x0000000100000000)
  eden space 419840K, 0% used [0x00000000d5580000,0x00000000d5580000,0x00000000eef80000)
  from space 22016K, 4% used [0x00000000f1f00000,0x00000000f1ff1a48,0x00000000f3480000)
  to   space 35328K, 0% used [0x00000000eef80000,0x00000000eef80000,0x00000000f1200000)
 ParOldGen       total 98816K, used 70437K [0x0000000080000000, 0x0000000086080000, 0x00000000d5580000)
  object space 98816K, 71% used [0x0000000080000000,0x00000000844c9460,0x0000000086080000)
 Metaspace       used 91318K, capacity 98494K, committed 98600K, reserved 1134592K
  class space    used 12614K, capacity 13947K, committed 13992K, reserved 1048576K
}
Event: 56.950 GC heap before
{Heap before GC invocations=20 (full 4):
 PSYoungGen      total 441856K, used 966K [0x00000000d5580000, 0x00000000f3480000, 0x0000000100000000)
  eden space 419840K, 0% used [0x00000000d5580000,0x00000000d5580000,0x00000000eef80000)
  from space 22016K, 4% used [0x00000000f1f00000,0x00000000f1ff1a48,0x00000000f3480000)
  to   space 35328K, 0% used [0x00000000eef80000,0x00000000eef80000,0x00000000f1200000)
 ParOldGen       total 98816K, used 70437K [0x0000000080000000, 0x0000000086080000, 0x00000000d5580000)
  object space 98816K, 71% used [0x0000000080000000,0x00000000844c9460,0x0000000086080000)
 Metaspace       used 91318K, capacity 98494K, committed 98600K, reserved 1134592K
  class space    used 12614K, capacity 13947K, committed 13992K, reserved 1048576K
Event: 57.152 GC heap after
Heap after GC invocations=20 (full 4):
 PSYoungGen      total 441856K, used 0K [0x00000000d5580000, 0x00000000f3480000, 0x0000000100000000)
  eden space 419840K, 0% used [0x00000000d5580000,0x00000000d5580000,0x00000000eef80000)
  from space 22016K, 0% used [0x00000000f1f00000,0x00000000f1f00000,0x00000000f3480000)
  to   space 35328K, 0% used [0x00000000eef80000,0x00000000eef80000,0x00000000f1200000)
 ParOldGen       total 137216K, used 54977K [0x0000000080000000, 0x0000000088600000, 0x00000000d5580000)
  object space 137216K, 40% used [0x0000000080000000,0x00000000835b06f8,0x0000000088600000)
 Metaspace       used 89423K, capacity 93694K, committed 98600K, reserved 1134592K
  class space    used 11943K, capacity 12759K, committed 13992K, reserved 1048576K
}

